2025-01-26 16:46:10.989 [info] [main] Log level: Info
2025-01-26 16:46:10.989 [info] [main] Validating found git in: "git"
2025-01-26 16:46:10.989 [info] [main] Using git "2.40.1" from "git"
2025-01-26 16:46:10.989 [info] [Model][doInitialScan] Initial repository scan started
2025-01-26 16:46:10.989 [info] > git rev-parse --show-toplevel [1406ms]
2025-01-26 16:46:10.989 [info] fatal: not a git repository (or any of the parent directories): .git
2025-01-26 16:46:10.989 [info] > git rev-parse --show-toplevel [3ms]
2025-01-26 16:46:10.989 [info] fatal: not a git repository (or any of the parent directories): .git
2025-01-26 16:46:10.990 [info] > git rev-parse --show-toplevel [1ms]
2025-01-26 16:46:10.990 [info] fatal: not a git repository (or any of the parent directories): .git
2025-01-26 16:46:10.996 [info] > git rev-parse --show-toplevel [1ms]
2025-01-26 16:46:10.996 [info] fatal: not a git repository (or any of the parent directories): .git
2025-01-26 16:46:11.001 [info] > git rev-parse --show-toplevel [2ms]
2025-01-26 16:46:11.001 [info] fatal: not a git repository (or any of the parent directories): .git
2025-01-26 16:46:11.007 [info] > git rev-parse --show-toplevel [1ms]
2025-01-26 16:46:11.007 [info] fatal: not a git repository (or any of the parent directories): .git
2025-01-26 16:46:11.013 [info] > git rev-parse --show-toplevel [2ms]
2025-01-26 16:46:11.013 [info] fatal: not a git repository (or any of the parent directories): .git
2025-01-26 16:46:11.019 [info] > git rev-parse --show-toplevel [1ms]
2025-01-26 16:46:11.019 [info] fatal: not a git repository (or any of the parent directories): .git
2025-01-26 16:46:11.022 [info] [Model][doInitialScan] Initial repository scan completed - repositories (0), closed repositories (0), parent repositories (0), unsafe repositories (0)
2025-01-26 16:46:11.821 [info] > git rev-parse --show-toplevel [52ms]
2025-01-26 16:46:11.821 [info] fatal: not a git repository (or any of the parent directories): .git
2025-01-26 16:46:28.923 [info] > git rev-parse --show-toplevel [4ms]
2025-01-26 16:46:28.923 [info] fatal: not a git repository (or any of the parent directories): .git
2025-01-26 16:46:46.953 [info] > git rev-parse --show-toplevel [2ms]
2025-01-26 16:46:46.953 [info] fatal: not a git repository (or any of the parent directories): .git
2025-01-26 16:46:55.077 [info] > git rev-parse --show-toplevel [1ms]
2025-01-26 16:46:55.078 [info] fatal: not a git repository (or any of the parent directories): .git
2025-01-26 16:47:02.380 [info] > git rev-parse --show-toplevel [2ms]
2025-01-26 16:47:02.380 [info] fatal: not a git repository (or any of the parent directories): .git
2025-01-26 16:47:04.228 [info] > git rev-parse --show-toplevel [2ms]
2025-01-26 16:47:04.228 [info] fatal: not a git repository (or any of the parent directories): .git
2025-01-26 17:07:19.551 [info] > git rev-parse --show-toplevel [8ms]
2025-01-26 17:07:19.551 [info] fatal: not a git repository (or any of the parent directories): .git
2025-01-26 17:07:27.102 [info] > git rev-parse --show-toplevel [5ms]
2025-01-26 17:07:27.102 [info] fatal: not a git repository (or any of the parent directories): .git
2025-01-26 17:07:32.835 [info] > git rev-parse --show-toplevel [1ms]
2025-01-26 17:07:32.835 [info] fatal: not a git repository (or any of the parent directories): .git
2025-01-26 17:07:36.248 [info] > git rev-parse --show-toplevel [2ms]
2025-01-26 17:07:36.248 [info] fatal: not a git repository (or any of the parent directories): .git
2025-01-26 17:07:51.975 [info] > git rev-parse --show-toplevel [2ms]
2025-01-26 17:07:51.975 [info] fatal: not a git repository (or any of the parent directories): .git
2025-01-26 17:10:40.331 [info] > git rev-parse --show-toplevel [1ms]
2025-01-26 17:10:40.332 [info] fatal: not a git repository (or any of the parent directories): .git
2025-01-26 17:10:57.394 [info] > git rev-parse --show-toplevel [2ms]
2025-01-26 17:10:57.394 [info] fatal: not a git repository (or any of the parent directories): .git
2025-01-26 17:22:18.553 [info] > git rev-parse --show-toplevel [2ms]
2025-01-26 17:22:18.553 [info] fatal: not a git repository (or any of the parent directories): .git
2025-01-26 17:22:26.973 [info] > git rev-parse --show-toplevel [4ms]
2025-01-26 17:22:26.973 [info] fatal: not a git repository (or any of the parent directories): .git
2025-01-26 17:22:35.167 [info] > git rev-parse --show-toplevel [2ms]
2025-01-26 17:22:35.167 [info] fatal: not a git repository (or any of the parent directories): .git
2025-01-26 17:22:46.749 [info] > git rev-parse --show-toplevel [2ms]
2025-01-26 17:22:46.750 [info] fatal: not a git repository (or any of the parent directories): .git
2025-01-26 17:23:06.928 [info] > git rev-parse --show-toplevel [2ms]
2025-01-26 17:23:06.928 [info] fatal: not a git repository (or any of the parent directories): .git
2025-01-26 17:26:35.177 [info] > git rev-parse --show-toplevel [2ms]
2025-01-26 17:26:35.177 [info] fatal: not a git repository (or any of the parent directories): .git
2025-01-26 17:26:36.992 [info] > git rev-parse --show-toplevel [1ms]
2025-01-26 17:26:36.992 [info] fatal: not a git repository (or any of the parent directories): .git
2025-01-26 17:37:51.981 [info] > git rev-parse --show-toplevel [3ms]
2025-01-26 17:37:51.981 [info] fatal: not a git repository (or any of the parent directories): .git
2025-01-26 17:37:55.503 [info] > git rev-parse --show-toplevel [2ms]
2025-01-26 17:37:55.503 [info] fatal: not a git repository (or any of the parent directories): .git
2025-01-26 17:37:56.889 [info] > git rev-parse --show-toplevel [2ms]
2025-01-26 17:37:56.890 [info] fatal: not a git repository (or any of the parent directories): .git
2025-01-26 17:38:01.614 [info] > git rev-parse --show-toplevel [1ms]
2025-01-26 17:38:01.614 [info] fatal: not a git repository (or any of the parent directories): .git
2025-01-26 17:38:05.323 [info] > git rev-parse --show-toplevel [4ms]
2025-01-26 17:38:05.323 [info] fatal: not a git repository (or any of the parent directories): .git
2025-01-26 17:38:08.775 [info] > git rev-parse --show-toplevel [1ms]
2025-01-26 17:38:08.775 [info] fatal: not a git repository (or any of the parent directories): .git
2025-01-26 17:38:22.743 [info] > git rev-parse --show-toplevel [1ms]
2025-01-26 17:38:22.743 [info] fatal: not a git repository (or any of the parent directories): .git
2025-01-26 17:39:14.282 [info] > git rev-parse --show-toplevel [2ms]
2025-01-26 17:39:14.282 [info] fatal: not a git repository (or any of the parent directories): .git
2025-01-26 17:39:22.625 [info] > git rev-parse --show-toplevel [2ms]
2025-01-26 17:39:22.625 [info] fatal: not a git repository (or any of the parent directories): .git
2025-01-26 17:39:37.444 [info] > git rev-parse --show-toplevel [2ms]
2025-01-26 17:39:37.444 [info] fatal: not a git repository (or any of the parent directories): .git
2025-01-26 17:39:43.460 [info] > git rev-parse --show-toplevel [2ms]
2025-01-26 17:39:43.460 [info] fatal: not a git repository (or any of the parent directories): .git
2025-01-26 17:51:39.238 [info] > git rev-parse --show-toplevel [3ms]
2025-01-26 17:51:39.238 [info] fatal: not a git repository (or any of the parent directories): .git
