2025-01-27 15:30:55.324 [info] [main] Log level: Info
2025-01-27 15:30:55.324 [info] [main] Validating found git in: "git"
2025-01-27 15:30:55.324 [info] [main] Using git "2.40.1" from "git"
2025-01-27 15:30:55.324 [info] [Model][doInitialScan] Initial repository scan started
2025-01-27 15:30:55.324 [info] > git rev-parse --show-toplevel [1661ms]
2025-01-27 15:30:55.324 [info] fatal: not a git repository (or any of the parent directories): .git
2025-01-27 15:30:55.324 [info] > git rev-parse --show-toplevel [4ms]
2025-01-27 15:30:55.324 [info] fatal: not a git repository (or any of the parent directories): .git
2025-01-27 15:30:55.326 [info] > git rev-parse --show-toplevel [2ms]
2025-01-27 15:30:55.326 [info] fatal: not a git repository (or any of the parent directories): .git
2025-01-27 15:30:56.161 [info] > git rev-parse --show-toplevel [829ms]
2025-01-27 15:30:56.161 [info] fatal: not a git repository (or any of the parent directories): .git
2025-01-27 15:30:56.185 [info] > git rev-parse --show-toplevel [12ms]
2025-01-27 15:30:56.185 [info] fatal: not a git repository (or any of the parent directories): .git
2025-01-27 15:30:56.473 [info] > git rev-parse --show-toplevel [12ms]
2025-01-27 15:30:56.473 [info] fatal: not a git repository (or any of the parent directories): .git
2025-01-27 15:30:56.477 [info] > git rev-parse --show-toplevel [1ms]
2025-01-27 15:30:56.478 [info] fatal: not a git repository (or any of the parent directories): .git
2025-01-27 15:30:56.486 [info] > git rev-parse --show-toplevel [5ms]
2025-01-27 15:30:56.486 [info] fatal: not a git repository (or any of the parent directories): .git
2025-01-27 15:30:56.489 [info] [Model][doInitialScan] Initial repository scan completed - repositories (0), closed repositories (0), parent repositories (0), unsafe repositories (0)
2025-01-27 15:54:56.529 [info] > git rev-parse --show-toplevel [3ms]
2025-01-27 15:54:56.529 [info] fatal: not a git repository (or any of the parent directories): .git
2025-01-27 15:55:08.557 [info] > git rev-parse --show-toplevel [1ms]
2025-01-27 15:55:08.557 [info] fatal: not a git repository (or any of the parent directories): .git
2025-01-27 16:08:51.748 [info] > git rev-parse --show-toplevel [2ms]
2025-01-27 16:08:51.749 [info] fatal: not a git repository (or any of the parent directories): .git
2025-01-27 16:26:58.515 [info] > git rev-parse --show-toplevel [2ms]
2025-01-27 16:26:58.515 [info] fatal: not a git repository (or any of the parent directories): .git
2025-01-27 16:31:21.423 [info] > git rev-parse --show-toplevel [10ms]
2025-01-27 16:31:21.423 [info] fatal: not a git repository (or any of the parent directories): .git
2025-01-27 16:31:28.313 [info] > git rev-parse --show-toplevel [2ms]
2025-01-27 16:31:28.313 [info] fatal: not a git repository (or any of the parent directories): .git
2025-01-27 16:31:39.219 [info] > git rev-parse --show-toplevel [2ms]
2025-01-27 16:31:39.219 [info] fatal: not a git repository (or any of the parent directories): .git
2025-01-27 16:35:07.768 [info] > git rev-parse --show-toplevel [3ms]
2025-01-27 16:35:07.769 [info] fatal: not a git repository (or any of the parent directories): .git
2025-01-27 16:35:23.258 [info] > git rev-parse --show-toplevel [4ms]
2025-01-27 16:35:23.259 [info] fatal: not a git repository (or any of the parent directories): .git
2025-01-27 16:35:27.116 [info] > git rev-parse --show-toplevel [2ms]
2025-01-27 16:35:27.116 [info] fatal: not a git repository (or any of the parent directories): .git
2025-01-27 16:45:44.636 [info] > git rev-parse --show-toplevel [2ms]
2025-01-27 16:45:44.636 [info] fatal: not a git repository (or any of the parent directories): .git
2025-01-27 16:46:16.248 [info] > git rev-parse --show-toplevel [3ms]
2025-01-27 16:46:16.248 [info] fatal: not a git repository (or any of the parent directories): .git
2025-01-27 16:47:14.586 [info] > git rev-parse --show-toplevel [1ms]
2025-01-27 16:47:14.596 [info] > git rev-parse --git-dir --git-common-dir [2ms]
2025-01-27 16:47:14.608 [info] [Model][openRepository] Opened repository: /home/ec2-user
2025-01-27 16:47:14.632 [info] [Git][getRemotes] No remotes found in the git config file
2025-01-27 16:47:14.633 [info] > git config --get commit.template [10ms]
2025-01-27 16:47:14.635 [info] > git for-each-ref --format=%(refname)%00%(upstream:short)%00%(objectname)%00%(upstream:track)%00%(upstream:remotename)%00%(upstream:remoteref) refs/heads/master refs/remotes/master [4ms]
2025-01-27 16:47:14.636 [warning] [Git][getBranch] No such branch: master
2025-01-27 16:47:14.660 [info] > git for-each-ref --sort -committerdate --format %(refname) %(objectname) %(*objectname) [5ms]
2025-01-27 16:47:14.690 [info] > git status -z -uall [43ms]
2025-01-27 16:47:15.359 [info] > git for-each-ref --format=%(refname)%00%(upstream:short)%00%(objectname)%00%(upstream:track)%00%(upstream:remotename)%00%(upstream:remoteref) refs/heads/master refs/remotes/master [595ms]
2025-01-27 16:47:15.359 [warning] [Git][getBranch] No such branch: master
2025-01-27 16:47:15.361 [error] [GitHistoryProvider][resolveHEADMergeBase] Failed to resolve merge base for master: Error: No such branch: master.
2025-01-27 16:47:15.383 [info] > git config --get commit.template [26ms]
2025-01-27 16:47:15.397 [info] [Git][getRemotes] No remotes found in the git config file
2025-01-27 16:47:15.420 [info] > git check-ignore -v -z --stdin [40ms]
2025-01-27 16:47:15.422 [info] > git for-each-ref --format=%(refname)%00%(upstream:short)%00%(objectname)%00%(upstream:track)%00%(upstream:remotename)%00%(upstream:remoteref) refs/heads/master refs/remotes/master [25ms]
2025-01-27 16:47:15.422 [warning] [Git][getBranch] No such branch: master
2025-01-27 16:47:15.447 [info] > git log --format=%H%n%aN%n%aE%n%at%n%ct%n%P%n%D%n%B -z -n152 --follow -- /home/ec2-user/Impact-Tracker/.gitignore [34ms]
2025-01-27 16:47:15.447 [info] fatal: your current branch 'master' does not have any commits yet
2025-01-27 16:47:15.511 [info] > git for-each-ref --sort -committerdate --format %(refname) %(objectname) %(*objectname) [65ms]
2025-01-27 16:47:15.530 [info] > git status -z -uall [96ms]
2025-01-27 16:47:16.320 [info] > git show --textconv :Impact-Tracker/.gitignore [15ms]
2025-01-27 16:47:16.324 [info] > git ls-files --stage -- /home/ec2-user/Impact-Tracker/.gitignore [4ms]
2025-01-27 16:47:17.496 [info] [Git][getRemotes] No remotes found in the git config file
2025-01-27 16:47:17.497 [info] > git config --get commit.template [6ms]
2025-01-27 16:47:17.498 [info] > git for-each-ref --format=%(refname)%00%(upstream:short)%00%(objectname)%00%(upstream:track)%00%(upstream:remotename)%00%(upstream:remoteref) refs/heads/master refs/remotes/master [2ms]
2025-01-27 16:47:17.498 [warning] [Git][getBranch] No such branch: master
2025-01-27 16:47:17.519 [info] > git for-each-ref --sort -committerdate --format %(refname) %(objectname) %(*objectname) [6ms]
2025-01-27 16:47:17.536 [info] > git status -z -uall [33ms]
2025-01-27 16:47:22.598 [info] [Git][getRemotes] No remotes found in the git config file
2025-01-27 16:47:22.599 [info] > git config --get commit.template [7ms]
2025-01-27 16:47:22.600 [info] > git for-each-ref --format=%(refname)%00%(upstream:short)%00%(objectname)%00%(upstream:track)%00%(upstream:remotename)%00%(upstream:remoteref) refs/heads/master refs/remotes/master [2ms]
2025-01-27 16:47:22.600 [warning] [Git][getBranch] No such branch: master
2025-01-27 16:47:22.614 [info] > git for-each-ref --sort -committerdate --format %(refname) %(objectname) %(*objectname) [1ms]
2025-01-27 16:47:22.654 [info] > git status -z -uall [49ms]
2025-01-27 16:47:45.989 [info] [Git][getRemotes] No remotes found in the git config file
2025-01-27 16:47:45.990 [info] > git config --get commit.template [6ms]
2025-01-27 16:47:45.990 [info] > git for-each-ref --format=%(refname)%00%(upstream:short)%00%(objectname)%00%(upstream:track)%00%(upstream:remotename)%00%(upstream:remoteref) refs/heads/master refs/remotes/master [1ms]
2025-01-27 16:47:45.991 [warning] [Git][getBranch] No such branch: master
2025-01-27 16:47:46.006 [info] > git for-each-ref --sort -committerdate --format %(refname) %(objectname) %(*objectname) [2ms]
2025-01-27 16:47:46.035 [info] > git status -z -uall [39ms]
2025-01-27 16:47:51.078 [info] > git config --get commit.template [6ms]
2025-01-27 16:47:51.091 [info] [Git][getRemotes] No remotes found in the git config file
2025-01-27 16:47:51.092 [info] > git for-each-ref --format=%(refname)%00%(upstream:short)%00%(objectname)%00%(upstream:track)%00%(upstream:remotename)%00%(upstream:remoteref) refs/heads/master refs/remotes/master [2ms]
2025-01-27 16:47:51.092 [warning] [Git][getBranch] No such branch: master
2025-01-27 16:47:51.118 [info] > git for-each-ref --sort -committerdate --format %(refname) %(objectname) %(*objectname) [3ms]
2025-01-27 16:47:51.159 [info] > git status -z -uall [57ms]
2025-01-27 16:47:52.962 [info] > git check-ignore -v -z --stdin [2ms]
2025-01-27 16:47:56.238 [info] [Git][getRemotes] No remotes found in the git config file
2025-01-27 16:47:56.239 [info] > git config --get commit.template [6ms]
2025-01-27 16:47:56.240 [info] > git for-each-ref --format=%(refname)%00%(upstream:short)%00%(objectname)%00%(upstream:track)%00%(upstream:remotename)%00%(upstream:remoteref) refs/heads/master refs/remotes/master [2ms]
2025-01-27 16:47:56.240 [warning] [Git][getBranch] No such branch: master
2025-01-27 16:47:56.250 [info] > git for-each-ref --sort -committerdate --format %(refname) %(objectname) %(*objectname) [1ms]
2025-01-27 16:47:56.276 [info] > git status -z -uall [32ms]
2025-01-27 16:48:01.319 [info] [Git][getRemotes] No remotes found in the git config file
2025-01-27 16:48:01.320 [info] > git config --get commit.template [7ms]
2025-01-27 16:48:01.323 [info] > git for-each-ref --format=%(refname)%00%(upstream:short)%00%(objectname)%00%(upstream:track)%00%(upstream:remotename)%00%(upstream:remoteref) refs/heads/master refs/remotes/master [3ms]
2025-01-27 16:48:01.323 [warning] [Git][getBranch] No such branch: master
2025-01-27 16:48:01.345 [info] > git for-each-ref --sort -committerdate --format %(refname) %(objectname) %(*objectname) [2ms]
2025-01-27 16:48:01.384 [info] > git status -z -uall [53ms]
2025-01-27 16:48:06.453 [info] [Git][getRemotes] No remotes found in the git config file
2025-01-27 16:48:06.462 [info] > git config --get commit.template [10ms]
2025-01-27 16:48:06.463 [info] > git for-each-ref --format=%(refname)%00%(upstream:short)%00%(objectname)%00%(upstream:track)%00%(upstream:remotename)%00%(upstream:remoteref) refs/heads/master refs/remotes/master [2ms]
2025-01-27 16:48:06.463 [warning] [Git][getBranch] No such branch: master
2025-01-27 16:48:06.476 [info] > git for-each-ref --sort -committerdate --format %(refname) %(objectname) %(*objectname) [2ms]
2025-01-27 16:48:06.522 [info] > git status -z -uall [53ms]
2025-01-27 16:48:12.992 [info] [Git][getRemotes] No remotes found in the git config file
2025-01-27 16:48:12.993 [info] > git config --get commit.template [6ms]
2025-01-27 16:48:12.994 [info] > git for-each-ref --format=%(refname)%00%(upstream:short)%00%(objectname)%00%(upstream:track)%00%(upstream:remotename)%00%(upstream:remoteref) refs/heads/master refs/remotes/master [2ms]
2025-01-27 16:48:12.994 [warning] [Git][getBranch] No such branch: master
2025-01-27 16:48:13.010 [info] > git for-each-ref --sort -committerdate --format %(refname) %(objectname) %(*objectname) [1ms]
2025-01-27 16:48:13.040 [info] > git status -z -uall [39ms]
2025-01-27 16:48:18.096 [info] [Git][getRemotes] No remotes found in the git config file
2025-01-27 16:48:18.097 [info] > git config --get commit.template [7ms]
2025-01-27 16:48:18.098 [info] > git for-each-ref --format=%(refname)%00%(upstream:short)%00%(objectname)%00%(upstream:track)%00%(upstream:remotename)%00%(upstream:remoteref) refs/heads/master refs/remotes/master [2ms]
2025-01-27 16:48:18.098 [warning] [Git][getBranch] No such branch: master
2025-01-27 16:48:18.108 [info] > git for-each-ref --sort -committerdate --format %(refname) %(objectname) %(*objectname) [1ms]
2025-01-27 16:48:18.135 [info] > git status -z -uall [33ms]
2025-01-27 16:48:23.455 [info] [Git][getRemotes] No remotes found in the git config file
2025-01-27 16:48:23.456 [info] > git config --get commit.template [7ms]
2025-01-27 16:48:23.458 [info] > git for-each-ref --format=%(refname)%00%(upstream:short)%00%(objectname)%00%(upstream:track)%00%(upstream:remotename)%00%(upstream:remoteref) refs/heads/master refs/remotes/master [4ms]
2025-01-27 16:48:23.458 [warning] [Git][getBranch] No such branch: master
2025-01-27 16:48:23.476 [info] > git for-each-ref --sort -committerdate --format %(refname) %(objectname) %(*objectname) [2ms]
2025-01-27 16:48:23.508 [info] > git status -z -uall [40ms]
2025-01-27 16:48:28.562 [info] [Git][getRemotes] No remotes found in the git config file
2025-01-27 16:48:28.563 [info] > git config --get commit.template [7ms]
2025-01-27 16:48:28.564 [info] > git for-each-ref --format=%(refname)%00%(upstream:short)%00%(objectname)%00%(upstream:track)%00%(upstream:remotename)%00%(upstream:remoteref) refs/heads/master refs/remotes/master [1ms]
2025-01-27 16:48:28.564 [warning] [Git][getBranch] No such branch: master
2025-01-27 16:48:28.587 [info] > git for-each-ref --sort -committerdate --format %(refname) %(objectname) %(*objectname) [6ms]
2025-01-27 16:48:28.635 [info] > git status -z -uall [66ms]
2025-01-27 16:48:33.733 [info] [Git][getRemotes] No remotes found in the git config file
2025-01-27 16:48:33.734 [info] > git config --get commit.template [16ms]
2025-01-27 16:48:33.738 [info] > git for-each-ref --format=%(refname)%00%(upstream:short)%00%(objectname)%00%(upstream:track)%00%(upstream:remotename)%00%(upstream:remoteref) refs/heads/master refs/remotes/master [4ms]
2025-01-27 16:48:33.738 [warning] [Git][getBranch] No such branch: master
2025-01-27 16:48:33.752 [info] > git for-each-ref --sort -committerdate --format %(refname) %(objectname) %(*objectname) [2ms]
2025-01-27 16:48:33.797 [info] > git status -z -uall [53ms]
2025-01-27 16:48:46.267 [info] > git config --get commit.template [2ms]
2025-01-27 16:48:46.278 [info] [Git][getRemotes] No remotes found in the git config file
2025-01-27 16:48:46.280 [info] > git for-each-ref --format=%(refname)%00%(upstream:short)%00%(objectname)%00%(upstream:track)%00%(upstream:remotename)%00%(upstream:remoteref) refs/heads/master refs/remotes/master [1ms]
2025-01-27 16:48:46.280 [warning] [Git][getBranch] No such branch: master
2025-01-27 16:48:46.294 [info] > git for-each-ref --sort -committerdate --format %(refname) %(objectname) %(*objectname) [2ms]
2025-01-27 16:48:46.312 [info] > git status -z -uall [27ms]
2025-01-27 16:48:47.004 [info] > git log --format=%H%n%aN%n%aE%n%at%n%ct%n%P%n%D%n%B -z -n152 --follow -- /home/ec2-user/Impact-Tracker/.gitignore [1ms]
2025-01-27 16:48:47.004 [info] fatal: your current branch 'master' does not have any commits yet
2025-01-27 16:48:47.225 [info] > git show --textconv HEAD:Impact-Tracker/.gitignore [6ms]
2025-01-27 16:48:47.226 [info] > git ls-tree -l HEAD -- /home/ec2-user/Impact-Tracker/.gitignore [1ms]
2025-01-27 16:48:47.226 [info] fatal: Not a valid object name HEAD
2025-01-27 16:50:02.248 [info] [Git][getRemotes] No remotes found in the git config file
2025-01-27 16:50:02.250 [info] > git config --get commit.template [13ms]
2025-01-27 16:50:02.251 [info] > git for-each-ref --format=%(refname)%00%(upstream:short)%00%(objectname)%00%(upstream:track)%00%(upstream:remotename)%00%(upstream:remoteref) refs/heads/master refs/remotes/master [3ms]
2025-01-27 16:50:02.251 [warning] [Git][getBranch] No such branch: master
2025-01-27 16:50:02.345 [info] > git ls-files --stage -- /home/ec2-user/Impact-Tracker/.gitignore [27ms]
2025-01-27 16:50:02.358 [info] > git for-each-ref --sort -committerdate --format %(refname) %(objectname) %(*objectname) [64ms]
2025-01-27 16:50:02.360 [info] > git ls-tree -l HEAD -- /home/ec2-user/Impact-Tracker/.gitignore [22ms]
2025-01-27 16:50:02.361 [info] fatal: Not a valid object name HEAD
2025-01-27 16:50:02.374 [info] > git cat-file -s 250cb13ba7969afaf0a482a45722bc37b2a9b830 [17ms]
2025-01-27 16:50:02.383 [info] > git status -z -uall [119ms]
2025-01-27 16:50:02.502 [info] > git show --textconv HEAD:Impact-Tracker/.gitignore [15ms]
2025-01-27 16:50:02.511 [info] > git show --textconv :Impact-Tracker/.gitignore [10ms]
2025-01-27 16:50:07.492 [info] [Git][getRemotes] No remotes found in the git config file
2025-01-27 16:50:07.495 [info] > git config --get commit.template [10ms]
2025-01-27 16:50:07.497 [info] > git for-each-ref --format=%(refname)%00%(upstream:short)%00%(objectname)%00%(upstream:track)%00%(upstream:remotename)%00%(upstream:remoteref) refs/heads/master refs/remotes/master [5ms]
2025-01-27 16:50:07.498 [warning] [Git][getBranch] No such branch: master
2025-01-27 16:50:07.522 [info] > git for-each-ref --sort -committerdate --format %(refname) %(objectname) %(*objectname) [2ms]
2025-01-27 16:50:07.546 [info] > git status -z -uall [39ms]
2025-01-27 16:50:12.592 [info] > git config --get commit.template [2ms]
2025-01-27 16:50:12.593 [info] [Git][getRemotes] No remotes found in the git config file
2025-01-27 16:50:12.603 [info] > git for-each-ref --format=%(refname)%00%(upstream:short)%00%(objectname)%00%(upstream:track)%00%(upstream:remotename)%00%(upstream:remoteref) refs/heads/master refs/remotes/master [1ms]
2025-01-27 16:50:12.603 [warning] [Git][getBranch] No such branch: master
2025-01-27 16:50:12.627 [info] > git for-each-ref --sort -committerdate --format %(refname) %(objectname) %(*objectname) [5ms]
2025-01-27 16:50:12.641 [info] > git status -z -uall [33ms]
2025-01-27 16:50:17.689 [info] [Git][getRemotes] No remotes found in the git config file
2025-01-27 16:50:17.690 [info] > git config --get commit.template [7ms]
2025-01-27 16:50:17.691 [info] > git for-each-ref --format=%(refname)%00%(upstream:short)%00%(objectname)%00%(upstream:track)%00%(upstream:remotename)%00%(upstream:remoteref) refs/heads/master refs/remotes/master [1ms]
2025-01-27 16:50:17.691 [warning] [Git][getBranch] No such branch: master
2025-01-27 16:50:17.706 [info] > git for-each-ref --sort -committerdate --format %(refname) %(objectname) %(*objectname) [2ms]
2025-01-27 16:50:17.737 [info] > git status -z -uall [41ms]
2025-01-27 16:50:40.125 [info] [Git][getRemotes] No remotes found in the git config file
2025-01-27 16:50:40.126 [info] > git for-each-ref --format=%(refname)%00%(upstream:short)%00%(objectname)%00%(upstream:track)%00%(upstream:remotename)%00%(upstream:remoteref) refs/heads/master refs/remotes/master [3ms]
2025-01-27 16:50:40.126 [warning] [Git][getBranch] No such branch: master
2025-01-27 16:50:40.127 [info] > git config --get commit.template [10ms]
2025-01-27 16:50:40.147 [info] > git for-each-ref --sort -committerdate --format %(refname) %(objectname) %(*objectname) [2ms]
2025-01-27 16:50:40.172 [info] > git status -z -uall [37ms]
2025-01-27 16:50:42.630 [info] > git rev-list --count index.. -- /home/ec2-user/Impact-Tracker/.gitignore [3ms]
2025-01-27 16:50:42.630 [info] fatal: bad revision 'index..'
2025-01-27 16:50:42.670 [info] > git log --format=%H%n%aN%n%aE%n%at%n%ct%n%P%n%D%n%B -z --follow -- /home/ec2-user/Impact-Tracker/.gitignore [32ms]
2025-01-27 16:50:42.864 [info] [Git][getRemotes] No remotes found in the git config file
2025-01-27 16:50:42.864 [info] > git config --get commit.template [6ms]
2025-01-27 16:50:42.865 [info] > git for-each-ref --format=%(refname)%00%(upstream:short)%00%(objectname)%00%(upstream:track)%00%(upstream:remotename)%00%(upstream:remoteref) refs/heads/master refs/remotes/master [2ms]
2025-01-27 16:50:42.884 [info] > git for-each-ref --sort -committerdate --format %(refname) %(objectname) %(*objectname) [3ms]
2025-01-27 16:50:42.914 [info] > git status -z -uall [42ms]
2025-01-27 16:50:43.230 [info] > git ls-files --stage -- /home/ec2-user/Impact-Tracker/.gitignore [9ms]
2025-01-27 16:50:43.240 [info] > git ls-tree -l HEAD -- /home/ec2-user/Impact-Tracker/.gitignore [12ms]
2025-01-27 16:50:43.242 [info] > git cat-file -s 250cb13ba7969afaf0a482a45722bc37b2a9b830 [3ms]
2025-01-27 16:50:43.292 [info] > git show --textconv HEAD:Impact-Tracker/.gitignore [22ms]
2025-01-27 16:50:43.293 [info] > git show --textconv :Impact-Tracker/.gitignore [12ms]
2025-01-27 16:50:43.297 [info] > git blame --root --incremental 55919d43e2e95837a06be7581b0406bd415d9d7f -- /home/ec2-user/Impact-Tracker/.gitignore [5ms]
2025-01-27 16:50:45.271 [info] [Git][getRemotes] No remotes found in the git config file
2025-01-27 16:50:45.272 [info] > git config --get commit.template [9ms]
2025-01-27 16:50:45.272 [info] > git for-each-ref --format=%(refname)%00%(upstream:short)%00%(objectname)%00%(upstream:track)%00%(upstream:remotename)%00%(upstream:remoteref) refs/heads/master refs/remotes/master [3ms]
2025-01-27 16:50:45.302 [info] > git for-each-ref --sort -committerdate --format %(refname) %(objectname) %(*objectname) [1ms]
2025-01-27 16:50:45.317 [info] > git status -z -uall [28ms]
2025-01-27 16:50:50.339 [info] [Git][getRemotes] No remotes found in the git config file
2025-01-27 16:50:50.340 [info] > git config --get commit.template [11ms]
2025-01-27 16:50:50.341 [info] > git for-each-ref --format=%(refname)%00%(upstream:short)%00%(objectname)%00%(upstream:track)%00%(upstream:remotename)%00%(upstream:remoteref) refs/heads/master refs/remotes/master [2ms]
2025-01-27 16:50:50.370 [info] > git for-each-ref --sort -committerdate --format %(refname) %(objectname) %(*objectname) [2ms]
2025-01-27 16:50:50.393 [info] > git status -z -uall [42ms]
2025-01-27 16:50:55.415 [info] [Git][getRemotes] No remotes found in the git config file
2025-01-27 16:50:55.416 [info] > git for-each-ref --format=%(refname)%00%(upstream:short)%00%(objectname)%00%(upstream:track)%00%(upstream:remotename)%00%(upstream:remoteref) refs/heads/master refs/remotes/master [6ms]
2025-01-27 16:50:55.416 [info] > git config --get commit.template [14ms]
2025-01-27 16:50:55.434 [info] > git for-each-ref --sort -committerdate --format %(refname) %(objectname) %(*objectname) [2ms]
2025-01-27 16:50:55.449 [info] > git status -z -uall [27ms]
2025-01-27 16:51:12.690 [info] > git config --get commit.template [4ms]
2025-01-27 16:51:12.702 [info] [Git][getRemotes] No remotes found in the git config file
2025-01-27 16:51:12.704 [info] > git for-each-ref --format=%(refname)%00%(upstream:short)%00%(objectname)%00%(upstream:track)%00%(upstream:remotename)%00%(upstream:remoteref) refs/heads/master refs/remotes/master [1ms]
2025-01-27 16:51:12.728 [info] > git for-each-ref --sort -committerdate --format %(refname) %(objectname) %(*objectname) [4ms]
2025-01-27 16:51:12.747 [info] > git status -z -uall [34ms]
2025-01-27 16:51:17.320 [info] > git rev-list --count index.. -- /home/ec2-user/Impact-Tracker/.gitignore [3ms]
2025-01-27 16:51:17.320 [info] fatal: bad revision 'index..'
2025-01-27 16:51:17.358 [info] > git log --format=%H%n%aN%n%aE%n%at%n%ct%n%P%n%D%n%B -z --follow -- /home/ec2-user/Impact-Tracker/.gitignore [30ms]
2025-01-27 16:51:17.773 [info] > git config --get commit.template [15ms]
2025-01-27 16:51:17.774 [info] > git for-each-ref --format=%(refname)%00%(upstream:short)%00%(objectname)%00%(upstream:track)%00%(upstream:remotename)%00%(upstream:remoteref) refs/heads/master refs/remotes/master [3ms]
2025-01-27 16:51:17.805 [info] > git for-each-ref --sort -committerdate --format %(refname) %(objectname) %(*objectname) [5ms]
2025-01-27 16:51:17.833 [info] > git status -z -uall [51ms]
2025-01-27 16:51:17.937 [info] > git ls-files --stage -- /home/ec2-user/Impact-Tracker/.gitignore [5ms]
2025-01-27 16:51:17.945 [info] > git cat-file -s 250cb13ba7969afaf0a482a45722bc37b2a9b830 [2ms]
2025-01-27 16:51:17.981 [info] > git show --textconv :Impact-Tracker/.gitignore [3ms]
2025-01-27 16:51:27.839 [info] > git config --get commit.template [6ms]
2025-01-27 16:51:27.839 [info] > git for-each-ref --format=%(refname)%00%(upstream:short)%00%(objectname)%00%(upstream:track)%00%(upstream:remotename)%00%(upstream:remoteref) refs/heads/master refs/remotes/master [1ms]
2025-01-27 16:51:27.856 [info] > git for-each-ref --sort -committerdate --format %(refname) %(objectname) %(*objectname) [6ms]
2025-01-27 16:51:27.874 [info] > git status -z -uall [29ms]
2025-01-27 16:51:28.914 [info] > git config --get commit.template [9ms]
2025-01-27 16:51:28.915 [info] > git for-each-ref --format=%(refname)%00%(upstream:short)%00%(objectname)%00%(upstream:track)%00%(upstream:remotename)%00%(upstream:remoteref) refs/heads/main refs/remotes/main [3ms]
2025-01-27 16:51:28.935 [info] > git for-each-ref --sort -committerdate --format %(refname) %(objectname) %(*objectname) [1ms]
2025-01-27 16:51:28.951 [info] > git status -z -uall [26ms]
2025-01-27 16:51:28.963 [info] > git for-each-ref --format=%(refname)%00%(upstream:short)%00%(objectname)%00%(upstream:track)%00%(upstream:remotename)%00%(upstream:remoteref) refs/heads/main refs/remotes/main [2ms]
2025-01-27 16:51:28.971 [info] > git config --local branch.main.vscode-merge-base [1ms]
2025-01-27 16:51:28.971 [warning] [Git][config] git config failed: Failed to execute git
2025-01-27 16:51:28.979 [info] > git reflog main --grep-reflog=branch: Created from *. [1ms]
2025-01-27 16:51:28.988 [info] > git symbolic-ref --short refs/remotes/origin/HEAD [2ms]
2025-01-27 16:51:28.988 [info] fatal: ref refs/remotes/origin/HEAD is not a symbolic ref
2025-01-27 16:51:28.988 [warning] [Repository][getDefaultBranch] Failed to get default branch details: Failed to execute git.
2025-01-27 16:51:29.543 [info] > git rev-list --count 55919d43e2e95837a06be7581b0406bd415d9d7f.. -- /home/ec2-user/Impact-Tracker/.gitignore [2ms]
2025-01-27 16:51:29.575 [info] > git log --format=%H%n%aN%n%aE%n%at%n%ct%n%P%n%D%n%B -z -n2 --follow -- /home/ec2-user/Impact-Tracker/.gitignore [25ms]
2025-01-27 16:51:30.156 [info] > git ls-files --stage -- /home/ec2-user/Impact-Tracker/.gitignore [2ms]
2025-01-27 16:51:30.167 [info] > git cat-file -s 250cb13ba7969afaf0a482a45722bc37b2a9b830 [2ms]
2025-01-27 16:51:30.205 [info] > git show --textconv :Impact-Tracker/.gitignore [2ms]
2025-01-27 16:51:35.239 [info] > git config --get commit.template [9ms]
2025-01-27 16:51:35.240 [info] > git for-each-ref --format=%(refname)%00%(upstream:short)%00%(objectname)%00%(upstream:track)%00%(upstream:remotename)%00%(upstream:remoteref) refs/heads/main refs/remotes/main [1ms]
2025-01-27 16:51:35.267 [info] > git for-each-ref --sort -committerdate --format %(refname) %(objectname) %(*objectname) [2ms]
2025-01-27 16:51:35.293 [info] > git status -z -uall [39ms]
2025-01-27 16:51:40.306 [info] > git config --get commit.template [2ms]
2025-01-27 16:51:40.320 [info] > git for-each-ref --format=%(refname)%00%(upstream:short)%00%(objectname)%00%(upstream:track)%00%(upstream:remotename)%00%(upstream:remoteref) refs/heads/main refs/remotes/main [2ms]
2025-01-27 16:51:40.347 [info] > git for-each-ref --sort -committerdate --format %(refname) %(objectname) %(*objectname) [4ms]
2025-01-27 16:51:40.369 [info] > git status -z -uall [41ms]
2025-01-27 16:51:56.290 [info] > git config --get commit.template [7ms]
2025-01-27 16:51:56.290 [info] > git for-each-ref --format=%(refname)%00%(upstream:short)%00%(objectname)%00%(upstream:track)%00%(upstream:remotename)%00%(upstream:remoteref) refs/heads/main refs/remotes/main [1ms]
2025-01-27 16:51:56.308 [info] > git for-each-ref --sort -committerdate --format %(refname) %(objectname) %(*objectname) [3ms]
2025-01-27 16:51:56.330 [info] > git status -z -uall [33ms]
2025-01-27 16:51:59.945 [info] > git rev-list --count 55919d43e2e95837a06be7581b0406bd415d9d7f.. -- /home/ec2-user/Impact-Tracker/.gitignore [2ms]
2025-01-27 16:51:59.982 [info] > git log --format=%H%n%aN%n%aE%n%at%n%ct%n%P%n%D%n%B -z -n2 --follow -- /home/ec2-user/Impact-Tracker/.gitignore [30ms]
2025-01-27 16:52:00.567 [info] > git ls-files --stage -- /home/ec2-user/Impact-Tracker/.gitignore [12ms]
2025-01-27 16:52:00.577 [info] > git cat-file -s 250cb13ba7969afaf0a482a45722bc37b2a9b830 [2ms]
2025-01-27 16:52:00.610 [info] > git show --textconv :Impact-Tracker/.gitignore [5ms]
2025-01-27 16:52:01.346 [info] > git config --get commit.template [7ms]
2025-01-27 16:52:01.347 [info] > git for-each-ref --format=%(refname)%00%(upstream:short)%00%(objectname)%00%(upstream:track)%00%(upstream:remotename)%00%(upstream:remoteref) refs/heads/main refs/remotes/main [1ms]
2025-01-27 16:52:01.363 [info] > git for-each-ref --sort -committerdate --format %(refname) %(objectname) %(*objectname) [2ms]
2025-01-27 16:52:01.390 [info] > git status -z -uall [37ms]
2025-01-27 16:52:06.418 [info] > git config --get commit.template [11ms]
2025-01-27 16:52:06.418 [info] > git for-each-ref --format=%(refname)%00%(upstream:short)%00%(objectname)%00%(upstream:track)%00%(upstream:remotename)%00%(upstream:remoteref) refs/heads/main refs/remotes/main [1ms]
2025-01-27 16:52:06.442 [info] > git for-each-ref --sort -committerdate --format %(refname) %(objectname) %(*objectname) [2ms]
2025-01-27 16:52:06.462 [info] > git status -z -uall [38ms]
2025-01-27 16:52:24.154 [info] > git config --get commit.template [9ms]
2025-01-27 16:52:24.156 [info] > git for-each-ref --format=%(refname)%00%(upstream:short)%00%(objectname)%00%(upstream:track)%00%(upstream:remotename)%00%(upstream:remoteref) refs/heads/main refs/remotes/main [3ms]
2025-01-27 16:52:24.175 [info] > git for-each-ref --sort -committerdate --format %(refname) %(objectname) %(*objectname) [1ms]
2025-01-27 16:52:24.193 [info] > git status -z -uall [31ms]
2025-01-27 16:52:26.841 [info] > git rev-list --count 55919d43e2e95837a06be7581b0406bd415d9d7f.. -- /home/ec2-user/Impact-Tracker/.gitignore [1ms]
2025-01-27 16:52:26.874 [info] > git log --format=%H%n%aN%n%aE%n%at%n%ct%n%P%n%D%n%B -z -n2 --follow -- /home/ec2-user/Impact-Tracker/.gitignore [26ms]
2025-01-27 16:52:27.428 [info] > git ls-files --stage -- /home/ec2-user/Impact-Tracker/.gitignore [4ms]
2025-01-27 16:52:27.437 [info] > git cat-file -s 250cb13ba7969afaf0a482a45722bc37b2a9b830 [3ms]
2025-01-27 16:52:27.481 [info] > git show --textconv :Impact-Tracker/.gitignore [8ms]
2025-01-27 16:52:29.212 [info] > git config --get commit.template [8ms]
2025-01-27 16:52:29.212 [info] > git for-each-ref --format=%(refname)%00%(upstream:short)%00%(objectname)%00%(upstream:track)%00%(upstream:remotename)%00%(upstream:remoteref) refs/heads/main refs/remotes/main [1ms]
2025-01-27 16:52:29.227 [info] > git for-each-ref --sort -committerdate --format %(refname) %(objectname) %(*objectname) [2ms]
2025-01-27 16:52:29.253 [info] > git status -z -uall [35ms]
2025-01-27 16:52:34.272 [info] > git config --get commit.template [10ms]
2025-01-27 16:52:34.274 [info] > git for-each-ref --format=%(refname)%00%(upstream:short)%00%(objectname)%00%(upstream:track)%00%(upstream:remotename)%00%(upstream:remoteref) refs/heads/main refs/remotes/main [4ms]
2025-01-27 16:52:34.301 [info] > git for-each-ref --sort -committerdate --format %(refname) %(objectname) %(*objectname) [4ms]
2025-01-27 16:52:34.327 [info] > git status -z -uall [43ms]
2025-01-27 16:52:42.050 [info] > git config --get commit.template [8ms]
2025-01-27 16:52:42.054 [info] > git for-each-ref --format=%(refname)%00%(upstream:short)%00%(objectname)%00%(upstream:track)%00%(upstream:remotename)%00%(upstream:remoteref) refs/heads/main refs/remotes/main [6ms]
2025-01-27 16:52:42.075 [info] > git for-each-ref --sort -committerdate --format %(refname) %(objectname) %(*objectname) [4ms]
2025-01-27 16:52:42.092 [info] > git status -z -uall [31ms]
2025-01-27 16:52:43.394 [info] > git config --get commit.template [6ms]
2025-01-27 16:52:43.396 [info] > git for-each-ref --format=%(refname)%00%(upstream:short)%00%(objectname)%00%(upstream:track)%00%(upstream:remotename)%00%(upstream:remoteref) refs/heads/main refs/remotes/main [2ms]
2025-01-27 16:52:43.432 [info] > git for-each-ref --sort -committerdate --format %(refname) %(objectname) %(*objectname) [13ms]
2025-01-27 16:52:43.457 [info] > git status -z -uall [45ms]
2025-01-27 16:52:43.989 [info] > git rev-list --count 55919d43e2e95837a06be7581b0406bd415d9d7f.. -- /home/ec2-user/Impact-Tracker/.gitignore [3ms]
2025-01-27 16:52:44.024 [info] > git log --format=%H%n%aN%n%aE%n%at%n%ct%n%P%n%D%n%B -z -n2 --follow -- /home/ec2-user/Impact-Tracker/.gitignore [25ms]
2025-01-27 16:52:44.598 [info] > git ls-files --stage -- /home/ec2-user/Impact-Tracker/.gitignore [6ms]
2025-01-27 16:52:44.613 [info] > git cat-file -s 250cb13ba7969afaf0a482a45722bc37b2a9b830 [2ms]
2025-01-27 16:52:44.644 [info] > git show --textconv :Impact-Tracker/.gitignore [3ms]
2025-01-27 16:52:51.137 [info] > git config --get commit.template [4ms]
2025-01-27 16:52:51.149 [info] > git for-each-ref --format=%(refname)%00%(upstream:short)%00%(objectname)%00%(upstream:track)%00%(upstream:remotename)%00%(upstream:remoteref) refs/heads/main refs/remotes/main [3ms]
2025-01-27 16:52:51.165 [info] > git for-each-ref --sort -committerdate --format %(refname) %(objectname) %(*objectname) [2ms]
2025-01-27 16:52:51.181 [info] > git status -z -uall [26ms]
2025-01-27 16:52:52.245 [info] > git config --get commit.template [11ms]
2025-01-27 16:52:52.246 [info] > git for-each-ref --format=%(refname)%00%(upstream:short)%00%(objectname)%00%(upstream:track)%00%(upstream:remotename)%00%(upstream:remoteref) refs/heads/main refs/remotes/main [4ms]
2025-01-27 16:52:52.263 [info] > git for-each-ref --sort -committerdate --format %(refname) %(objectname) %(*objectname) [2ms]
2025-01-27 16:52:52.295 [info] > git status -z -uall [42ms]
2025-01-27 16:52:52.323 [info] > git blame --root --incremental 7bf73acf77572a1ffd190178c3ee0c99ea227514 -- /home/ec2-user/Impact-Tracker/.gitignore [11ms]
2025-01-27 16:52:52.882 [info] > git rev-list --count 55919d43e2e95837a06be7581b0406bd415d9d7f.. -- /home/ec2-user/Impact-Tracker/.gitignore [1ms]
2025-01-27 16:52:52.919 [info] > git log --format=%H%n%aN%n%aE%n%at%n%ct%n%P%n%D%n%B -z -n2 --follow -- /home/ec2-user/Impact-Tracker/.gitignore [31ms]
2025-01-27 16:52:53.500 [info] > git ls-files --stage -- /home/ec2-user/Impact-Tracker/.gitignore [3ms]
2025-01-27 16:52:53.514 [info] > git cat-file -s 250cb13ba7969afaf0a482a45722bc37b2a9b830 [6ms]
2025-01-27 16:52:53.557 [info] > git show --textconv :Impact-Tracker/.gitignore [11ms]
2025-01-27 16:52:58.403 [info] > git config --get commit.template [6ms]
2025-01-27 16:52:58.404 [info] > git for-each-ref --format=%(refname)%00%(upstream:short)%00%(objectname)%00%(upstream:track)%00%(upstream:remotename)%00%(upstream:remoteref) refs/heads/main refs/remotes/main [2ms]
2025-01-27 16:52:58.423 [info] > git for-each-ref --sort -committerdate --format %(refname) %(objectname) %(*objectname) [3ms]
2025-01-27 16:52:58.454 [info] > git status -z -uall [42ms]
2025-01-27 16:53:00.309 [info] > git rev-list --count 55919d43e2e95837a06be7581b0406bd415d9d7f.. -- /home/ec2-user/Impact-Tracker/.gitignore [2ms]
2025-01-27 16:53:00.365 [info] > git log --format=%H%n%aN%n%aE%n%at%n%ct%n%P%n%D%n%B -z -n2 --follow -- /home/ec2-user/Impact-Tracker/.gitignore [48ms]
2025-01-27 16:53:00.914 [info] > git ls-files --stage -- /home/ec2-user/Impact-Tracker/.gitignore [2ms]
2025-01-27 16:53:00.922 [info] > git cat-file -s 250cb13ba7969afaf0a482a45722bc37b2a9b830 [1ms]
2025-01-27 16:53:00.966 [info] > git show --textconv :Impact-Tracker/.gitignore [3ms]
2025-01-27 16:53:03.472 [info] > git config --get commit.template [8ms]
2025-01-27 16:53:03.474 [info] > git for-each-ref --format=%(refname)%00%(upstream:short)%00%(objectname)%00%(upstream:track)%00%(upstream:remotename)%00%(upstream:remoteref) refs/heads/main refs/remotes/main [3ms]
2025-01-27 16:53:03.496 [info] > git for-each-ref --sort -committerdate --format %(refname) %(objectname) %(*objectname) [3ms]
2025-01-27 16:53:03.528 [info] > git status -z -uall [47ms]
2025-01-27 16:53:27.275 [info] > git config --get commit.template [9ms]
2025-01-27 16:53:27.276 [info] > git for-each-ref --format=%(refname)%00%(upstream:short)%00%(objectname)%00%(upstream:track)%00%(upstream:remotename)%00%(upstream:remoteref) refs/heads/main refs/remotes/main [3ms]
2025-01-27 16:53:27.297 [info] > git for-each-ref --sort -committerdate --format %(refname) %(objectname) %(*objectname) [3ms]
2025-01-27 16:53:27.313 [info] > git status -z -uall [31ms]
2025-01-27 16:53:31.347 [info] > git rev-list --count 55919d43e2e95837a06be7581b0406bd415d9d7f.. -- /home/ec2-user/Impact-Tracker/.gitignore [1ms]
2025-01-27 16:53:31.395 [info] > git log --format=%H%n%aN%n%aE%n%at%n%ct%n%P%n%D%n%B -z -n2 --follow -- /home/ec2-user/Impact-Tracker/.gitignore [40ms]
2025-01-27 16:53:31.941 [info] > git ls-files --stage -- /home/ec2-user/Impact-Tracker/.gitignore [3ms]
2025-01-27 16:53:31.949 [info] > git cat-file -s 250cb13ba7969afaf0a482a45722bc37b2a9b830 [2ms]
2025-01-27 16:53:32.001 [info] > git show --textconv :Impact-Tracker/.gitignore [8ms]
2025-01-27 16:53:32.329 [info] > git config --get commit.template [8ms]
2025-01-27 16:53:32.330 [info] > git for-each-ref --format=%(refname)%00%(upstream:short)%00%(objectname)%00%(upstream:track)%00%(upstream:remotename)%00%(upstream:remoteref) refs/heads/main refs/remotes/main [2ms]
2025-01-27 16:53:32.355 [info] > git for-each-ref --sort -committerdate --format %(refname) %(objectname) %(*objectname) [7ms]
2025-01-27 16:53:32.394 [info] > git status -z -uall [56ms]
2025-01-27 16:53:41.307 [info] > git config --get commit.template [8ms]
2025-01-27 16:53:41.309 [info] > git for-each-ref --format=%(refname)%00%(upstream:short)%00%(objectname)%00%(upstream:track)%00%(upstream:remotename)%00%(upstream:remoteref) refs/heads/main refs/remotes/main [2ms]
2025-01-27 16:53:41.326 [info] > git for-each-ref --sort -committerdate --format %(refname) %(objectname) %(*objectname) [2ms]
2025-01-27 16:53:41.355 [info] > git status -z -uall [40ms]
