2025-01-26 22:27:37.815 [info] [main] Log level: Info
2025-01-26 22:27:37.815 [info] [main] Validating found git in: "git"
2025-01-26 22:27:37.815 [info] [main] Using git "2.40.1" from "git"
2025-01-26 22:27:37.815 [info] [Model][doInitialScan] Initial repository scan started
2025-01-26 22:27:37.815 [info] > git rev-parse --show-toplevel [1427ms]
2025-01-26 22:27:37.815 [info] fatal: not a git repository (or any of the parent directories): .git
2025-01-26 22:27:37.815 [info] > git rev-parse --show-toplevel [730ms]
2025-01-26 22:27:37.815 [info] fatal: not a git repository (or any of the parent directories): .git
2025-01-26 22:27:37.844 [info] > git rev-parse --show-toplevel [90ms]
2025-01-26 22:27:37.844 [info] fatal: not a git repository (or any of the parent directories): .git
2025-01-26 22:27:38.058 [info] > git rev-parse --show-toplevel [207ms]
2025-01-26 22:27:38.059 [info] fatal: not a git repository (or any of the parent directories): .git
2025-01-26 22:27:38.074 [info] > git rev-parse --show-toplevel [12ms]
2025-01-26 22:27:38.075 [info] fatal: not a git repository (or any of the parent directories): .git
2025-01-26 22:27:38.084 [info] > git rev-parse --show-toplevel [7ms]
2025-01-26 22:27:38.084 [info] fatal: not a git repository (or any of the parent directories): .git
2025-01-26 22:27:40.196 [info] > git rev-parse --show-toplevel [2110ms]
2025-01-26 22:27:40.197 [info] fatal: not a git repository (or any of the parent directories): .git
2025-01-26 22:27:40.225 [info] > git rev-parse --show-toplevel [25ms]
2025-01-26 22:27:40.225 [info] fatal: not a git repository (or any of the parent directories): .git
2025-01-26 22:27:40.228 [info] [Model][doInitialScan] Initial repository scan completed - repositories (0), closed repositories (0), parent repositories (0), unsafe repositories (0)
2025-01-26 22:27:40.245 [info] > git rev-parse --show-toplevel [13ms]
2025-01-26 22:27:40.245 [info] fatal: not a git repository (or any of the parent directories): .git
2025-01-26 22:31:50.523 [info] > git rev-parse --show-toplevel [2ms]
2025-01-26 22:31:50.524 [info] fatal: not a git repository (or any of the parent directories): .git
2025-01-26 22:37:13.362 [info] > git rev-parse --show-toplevel [1ms]
2025-01-26 22:37:13.362 [info] fatal: not a git repository (or any of the parent directories): .git
2025-01-26 22:41:23.541 [info] > git rev-parse --show-toplevel [2ms]
2025-01-26 22:41:23.541 [info] fatal: not a git repository (or any of the parent directories): .git
2025-01-26 22:42:04.066 [info] > git rev-parse --show-toplevel [2ms]
2025-01-26 22:42:04.066 [info] fatal: not a git repository (or any of the parent directories): .git
2025-01-26 22:42:39.933 [info] > git rev-parse --show-toplevel [3ms]
2025-01-26 22:42:39.933 [info] fatal: not a git repository (or any of the parent directories): .git
2025-01-26 22:50:04.991 [info] > git rev-parse --show-toplevel [1ms]
2025-01-26 22:50:04.991 [info] fatal: not a git repository (or any of the parent directories): .git
2025-01-26 22:50:11.075 [info] > git rev-parse --show-toplevel [3ms]
2025-01-26 22:50:11.075 [info] fatal: not a git repository (or any of the parent directories): .git
2025-01-26 22:50:24.988 [info] > git rev-parse --show-toplevel [3ms]
2025-01-26 22:50:24.988 [info] fatal: not a git repository (or any of the parent directories): .git
2025-01-26 22:50:32.802 [info] > git rev-parse --show-toplevel [1ms]
2025-01-26 22:50:32.802 [info] fatal: not a git repository (or any of the parent directories): .git
2025-01-26 22:50:41.764 [info] > git rev-parse --show-toplevel [4ms]
2025-01-26 22:50:41.764 [info] fatal: not a git repository (or any of the parent directories): .git
2025-01-26 23:15:19.642 [info] > git rev-parse --show-toplevel [1ms]
2025-01-26 23:15:19.642 [info] fatal: not a git repository (or any of the parent directories): .git
2025-01-26 23:16:05.889 [info] > git rev-parse --show-toplevel [3ms]
2025-01-26 23:16:05.889 [info] fatal: not a git repository (or any of the parent directories): .git
2025-01-26 23:18:39.142 [info] > git rev-parse --show-toplevel [2ms]
2025-01-26 23:18:39.142 [info] fatal: not a git repository (or any of the parent directories): .git
2025-01-26 23:18:45.003 [info] > git rev-parse --show-toplevel [1ms]
2025-01-26 23:18:45.003 [info] fatal: not a git repository (or any of the parent directories): .git
2025-01-26 23:18:46.841 [info] > git rev-parse --show-toplevel [1ms]
2025-01-26 23:18:46.841 [info] fatal: not a git repository (or any of the parent directories): .git
2025-01-26 23:18:53.645 [info] > git rev-parse --show-toplevel [9ms]
2025-01-26 23:18:53.645 [info] fatal: not a git repository (or any of the parent directories): .git
2025-01-26 23:18:58.330 [info] > git rev-parse --show-toplevel [2ms]
2025-01-26 23:18:58.330 [info] fatal: not a git repository (or any of the parent directories): .git
2025-01-26 23:19:04.993 [info] > git rev-parse --show-toplevel [2ms]
2025-01-26 23:19:04.993 [info] fatal: not a git repository (or any of the parent directories): .git
2025-01-26 23:19:11.270 [info] > git rev-parse --show-toplevel [1ms]
2025-01-26 23:19:11.270 [info] fatal: not a git repository (or any of the parent directories): .git
2025-01-27 00:21:38.676 [info] > git rev-parse --show-toplevel [3ms]
2025-01-27 00:21:38.676 [info] fatal: not a git repository (or any of the parent directories): .git
2025-01-27 00:21:46.896 [info] > git rev-parse --show-toplevel [2ms]
2025-01-27 00:21:46.896 [info] fatal: not a git repository (or any of the parent directories): .git
2025-01-27 00:21:55.746 [info] > git rev-parse --show-toplevel [1ms]
2025-01-27 00:21:55.746 [info] fatal: not a git repository (or any of the parent directories): .git
2025-01-27 00:22:06.512 [info] > git rev-parse --show-toplevel [2ms]
2025-01-27 00:22:06.512 [info] fatal: not a git repository (or any of the parent directories): .git
2025-01-27 00:22:15.951 [info] > git rev-parse --show-toplevel [3ms]
2025-01-27 00:22:15.951 [info] fatal: not a git repository (or any of the parent directories): .git
2025-01-27 00:39:52.673 [info] > git rev-parse --show-toplevel [17ms]
2025-01-27 00:39:52.674 [info] fatal: not a git repository (or any of the parent directories): .git
2025-01-27 00:45:54.008 [info] > git rev-parse --show-toplevel [22ms]
2025-01-27 00:45:54.008 [info] fatal: not a git repository (or any of the parent directories): .git
2025-01-27 00:55:30.081 [info] > git rev-parse --show-toplevel [4ms]
2025-01-27 00:55:30.081 [info] fatal: not a git repository (or any of the parent directories): .git
2025-01-27 00:55:55.784 [info] > git rev-parse --show-toplevel [7ms]
2025-01-27 00:55:55.784 [info] fatal: not a git repository (or any of the parent directories): .git
2025-01-27 00:56:27.396 [info] > git rev-parse --show-toplevel [2ms]
2025-01-27 00:56:27.396 [info] fatal: not a git repository (or any of the parent directories): .git
2025-01-27 01:10:12.105 [info] > git rev-parse --show-toplevel [2ms]
2025-01-27 01:10:12.105 [info] fatal: not a git repository (or any of the parent directories): .git
2025-01-27 02:37:05.840 [info] > git rev-parse --show-toplevel [6ms]
2025-01-27 02:37:05.840 [info] fatal: not a git repository (or any of the parent directories): .git
