2025-01-26 18:12:48.502 [info] [main] Log level: Info
2025-01-26 18:12:48.502 [info] [main] Validating found git in: "git"
2025-01-26 18:12:48.502 [info] [main] Using git "2.40.1" from "git"
2025-01-26 18:12:48.502 [info] [Model][doInitialScan] Initial repository scan started
2025-01-26 18:12:48.502 [info] > git rev-parse --show-toplevel [1478ms]
2025-01-26 18:12:48.502 [info] fatal: not a git repository (or any of the parent directories): .git
2025-01-26 18:12:48.502 [info] > git rev-parse --show-toplevel [3ms]
2025-01-26 18:12:48.502 [info] fatal: not a git repository (or any of the parent directories): .git
2025-01-26 18:12:48.503 [info] > git rev-parse --show-toplevel [2ms]
2025-01-26 18:12:48.503 [info] fatal: not a git repository (or any of the parent directories): .git
2025-01-26 18:12:49.236 [info] > git rev-parse --show-toplevel [729ms]
2025-01-26 18:12:49.236 [info] fatal: not a git repository (or any of the parent directories): .git
2025-01-26 18:12:49.253 [info] > git rev-parse --show-toplevel [10ms]
2025-01-26 18:12:49.253 [info] fatal: not a git repository (or any of the parent directories): .git
2025-01-26 18:12:49.497 [info] > git rev-parse --show-toplevel [57ms]
2025-01-26 18:12:49.497 [info] fatal: not a git repository (or any of the parent directories): .git
2025-01-26 18:12:49.514 [info] > git rev-parse --show-toplevel [6ms]
2025-01-26 18:12:49.514 [info] fatal: not a git repository (or any of the parent directories): .git
2025-01-26 18:12:49.535 [info] > git rev-parse --show-toplevel [14ms]
2025-01-26 18:12:49.535 [info] fatal: not a git repository (or any of the parent directories): .git
2025-01-26 18:12:49.553 [info] > git rev-parse --show-toplevel [10ms]
2025-01-26 18:12:49.553 [info] fatal: not a git repository (or any of the parent directories): .git
2025-01-26 18:12:49.556 [info] [Model][doInitialScan] Initial repository scan completed - repositories (0), closed repositories (0), parent repositories (0), unsafe repositories (0)
2025-01-26 18:30:17.750 [info] > git rev-parse --show-toplevel [4ms]
2025-01-26 18:30:17.750 [info] fatal: not a git repository (or any of the parent directories): .git
2025-01-26 18:30:37.121 [info] > git rev-parse --show-toplevel [2ms]
2025-01-26 18:30:37.121 [info] fatal: not a git repository (or any of the parent directories): .git
2025-01-26 18:30:42.940 [info] > git rev-parse --show-toplevel [2ms]
2025-01-26 18:30:42.940 [info] fatal: not a git repository (or any of the parent directories): .git
2025-01-26 18:30:53.173 [info] > git rev-parse --show-toplevel [4ms]
2025-01-26 18:30:53.173 [info] fatal: not a git repository (or any of the parent directories): .git
2025-01-26 18:30:53.978 [info] > git rev-parse --show-toplevel [2ms]
2025-01-26 18:30:53.978 [info] fatal: not a git repository (or any of the parent directories): .git
2025-01-26 18:31:00.015 [info] > git rev-parse --show-toplevel [1ms]
2025-01-26 18:31:00.015 [info] fatal: not a git repository (or any of the parent directories): .git
2025-01-26 18:31:15.198 [info] > git rev-parse --show-toplevel [2ms]
2025-01-26 18:31:15.198 [info] fatal: not a git repository (or any of the parent directories): .git
2025-01-26 18:31:42.281 [info] > git rev-parse --show-toplevel [2ms]
2025-01-26 18:31:42.281 [info] fatal: not a git repository (or any of the parent directories): .git
2025-01-26 18:31:49.452 [info] > git rev-parse --show-toplevel [2ms]
2025-01-26 18:31:49.452 [info] fatal: not a git repository (or any of the parent directories): .git
2025-01-26 18:31:54.529 [info] > git rev-parse --show-toplevel [1ms]
2025-01-26 18:31:54.530 [info] fatal: not a git repository (or any of the parent directories): .git
2025-01-26 18:31:56.200 [info] > git rev-parse --show-toplevel [2ms]
2025-01-26 18:31:56.200 [info] fatal: not a git repository (or any of the parent directories): .git
2025-01-26 18:31:56.830 [info] > git rev-parse --show-toplevel [3ms]
2025-01-26 18:31:56.830 [info] fatal: not a git repository (or any of the parent directories): .git
2025-01-26 18:42:16.694 [info] > git rev-parse --show-toplevel [3ms]
2025-01-26 18:42:16.694 [info] fatal: not a git repository (or any of the parent directories): .git
2025-01-26 18:42:27.504 [info] > git rev-parse --show-toplevel [2ms]
2025-01-26 18:42:27.504 [info] fatal: not a git repository (or any of the parent directories): .git
2025-01-26 18:57:00.290 [info] > git rev-parse --show-toplevel [3ms]
2025-01-26 18:57:00.290 [info] fatal: not a git repository (or any of the parent directories): .git
2025-01-26 18:57:09.931 [info] > git rev-parse --show-toplevel [5ms]
2025-01-26 18:57:09.931 [info] fatal: not a git repository (or any of the parent directories): .git
2025-01-26 18:57:33.092 [info] > git rev-parse --show-toplevel [2ms]
2025-01-26 18:57:33.092 [info] fatal: not a git repository (or any of the parent directories): .git
2025-01-26 18:57:51.767 [info] > git rev-parse --show-toplevel [2ms]
2025-01-26 18:57:51.767 [info] fatal: not a git repository (or any of the parent directories): .git
2025-01-26 18:57:56.903 [info] > git rev-parse --show-toplevel [2ms]
2025-01-26 18:57:56.903 [info] fatal: not a git repository (or any of the parent directories): .git
2025-01-26 18:58:07.935 [info] > git rev-parse --show-toplevel [1ms]
2025-01-26 18:58:07.935 [info] fatal: not a git repository (or any of the parent directories): .git
2025-01-26 19:41:12.690 [info] > git rev-parse --show-toplevel [4ms]
2025-01-26 19:41:12.690 [info] fatal: not a git repository (or any of the parent directories): .git
2025-01-26 19:47:42.826 [info] > git rev-parse --show-toplevel [2ms]
2025-01-26 19:47:42.826 [info] fatal: not a git repository (or any of the parent directories): .git
2025-01-26 19:49:19.860 [info] > git rev-parse --show-toplevel [2ms]
2025-01-26 19:49:19.860 [info] fatal: not a git repository (or any of the parent directories): .git
2025-01-26 19:50:10.960 [info] > git rev-parse --show-toplevel [2ms]
2025-01-26 19:50:10.960 [info] fatal: not a git repository (or any of the parent directories): .git
2025-01-26 19:50:15.415 [info] > git rev-parse --show-toplevel [3ms]
2025-01-26 19:50:15.415 [info] fatal: not a git repository (or any of the parent directories): .git
2025-01-26 19:50:51.279 [info] > git rev-parse --show-toplevel [1ms]
2025-01-26 19:50:51.279 [info] fatal: not a git repository (or any of the parent directories): .git
2025-01-26 19:56:44.187 [info] > git rev-parse --show-toplevel [3ms]
2025-01-26 19:56:44.187 [info] fatal: not a git repository (or any of the parent directories): .git
2025-01-26 19:57:11.714 [info] > git rev-parse --show-toplevel [2ms]
2025-01-26 19:57:11.714 [info] fatal: not a git repository (or any of the parent directories): .git
2025-01-26 20:15:23.073 [info] > git rev-parse --show-toplevel [2ms]
2025-01-26 20:15:23.073 [info] fatal: not a git repository (or any of the parent directories): .git
2025-01-26 20:20:21.009 [info] > git rev-parse --show-toplevel [1ms]
2025-01-26 20:20:21.009 [info] fatal: not a git repository (or any of the parent directories): .git
2025-01-26 21:04:32.635 [info] > git rev-parse --show-toplevel [2ms]
2025-01-26 21:04:32.635 [info] fatal: not a git repository (or any of the parent directories): .git
2025-01-26 21:09:50.176 [info] > git rev-parse --show-toplevel [6ms]
2025-01-26 21:09:50.176 [info] fatal: not a git repository (or any of the parent directories): .git
2025-01-26 21:55:14.815 [info] > git rev-parse --show-toplevel [7ms]
2025-01-26 21:55:14.815 [info] fatal: not a git repository (or any of the parent directories): .git
