2025-01-26 04:33:06.745 [info] [main] Log level: Info
2025-01-26 04:33:06.745 [info] [main] Validating found git in: "git"
2025-01-26 04:33:06.745 [info] [main] Using git "2.40.1" from "git"
2025-01-26 04:33:06.745 [info] [Model][doInitialScan] Initial repository scan started
2025-01-26 04:33:06.745 [info] > git rev-parse --show-toplevel [1797ms]
2025-01-26 04:33:06.745 [info] fatal: not a git repository (or any of the parent directories): .git
2025-01-26 04:33:06.745 [info] > git rev-parse --show-toplevel [675ms]
2025-01-26 04:33:06.745 [info] fatal: not a git repository (or any of the parent directories): .git
2025-01-26 04:33:06.745 [info] > git rev-parse --show-toplevel [10ms]
2025-01-26 04:33:06.745 [info] fatal: not a git repository (or any of the parent directories): .git
2025-01-26 04:33:06.748 [info] > git rev-parse --show-toplevel [63ms]
2025-01-26 04:33:06.749 [info] fatal: not a git repository (or any of the parent directories): .git
2025-01-26 04:33:06.828 [info] > git rev-parse --show-toplevel [59ms]
2025-01-26 04:33:06.828 [info] fatal: not a git repository (or any of the parent directories): .git
2025-01-26 04:33:06.871 [info] > git rev-parse --show-toplevel [38ms]
2025-01-26 04:33:06.871 [info] fatal: not a git repository (or any of the parent directories): .git
2025-01-26 04:33:06.879 [info] > git rev-parse --show-toplevel [4ms]
2025-01-26 04:33:06.879 [info] fatal: not a git repository (or any of the parent directories): .git
2025-01-26 04:33:09.352 [info] > git rev-parse --show-toplevel [2469ms]
2025-01-26 04:33:09.352 [info] fatal: not a git repository (or any of the parent directories): .git
2025-01-26 04:33:09.416 [info] > git rev-parse --show-toplevel [43ms]
2025-01-26 04:33:09.416 [info] fatal: not a git repository (or any of the parent directories): .git
2025-01-26 04:33:09.433 [info] > git rev-parse --show-toplevel [11ms]
2025-01-26 04:33:09.433 [info] fatal: not a git repository (or any of the parent directories): .git
2025-01-26 04:33:09.438 [info] [Model][doInitialScan] Initial repository scan completed - repositories (0), closed repositories (0), parent repositories (0), unsafe repositories (0)
2025-01-26 04:33:10.469 [info] > git rev-parse --show-toplevel [2ms]
2025-01-26 04:33:10.469 [info] fatal: not a git repository (or any of the parent directories): .git
