2025-01-26 05:34:05.035 [info] [main] Log level: Info
2025-01-26 05:34:05.036 [info] [main] Validating found git in: "git"
2025-01-26 05:34:05.036 [info] [main] Using git "2.40.1" from "git"
2025-01-26 05:34:05.036 [info] [Model][doInitialScan] Initial repository scan started
2025-01-26 05:34:05.036 [info] > git rev-parse --show-toplevel [1571ms]
2025-01-26 05:34:05.036 [info] fatal: not a git repository (or any of the parent directories): .git
2025-01-26 05:34:05.036 [info] > git rev-parse --show-toplevel [3ms]
2025-01-26 05:34:05.036 [info] fatal: not a git repository (or any of the parent directories): .git
2025-01-26 05:34:05.036 [info] > git rev-parse --show-toplevel [2ms]
2025-01-26 05:34:05.036 [info] fatal: not a git repository (or any of the parent directories): .git
2025-01-26 05:34:05.046 [info] > git rev-parse --show-toplevel [4ms]
2025-01-26 05:34:05.046 [info] fatal: not a git repository (or any of the parent directories): .git
2025-01-26 05:34:05.059 [info] > git rev-parse --show-toplevel [1ms]
2025-01-26 05:34:05.059 [info] fatal: not a git repository (or any of the parent directories): .git
2025-01-26 05:34:05.736 [info] > git rev-parse --show-toplevel [667ms]
2025-01-26 05:34:05.736 [info] fatal: not a git repository (or any of the parent directories): .git
2025-01-26 05:34:05.758 [info] > git rev-parse --show-toplevel [8ms]
2025-01-26 05:34:05.758 [info] fatal: not a git repository (or any of the parent directories): .git
2025-01-26 05:34:06.007 [info] > git rev-parse --show-toplevel [58ms]
2025-01-26 05:34:06.007 [info] fatal: not a git repository (or any of the parent directories): .git
2025-01-26 05:34:06.037 [info] > git rev-parse --show-toplevel [15ms]
2025-01-26 05:34:06.038 [info] fatal: not a git repository (or any of the parent directories): .git
2025-01-26 05:34:06.043 [info] [Model][doInitialScan] Initial repository scan completed - repositories (0), closed repositories (0), parent repositories (0), unsafe repositories (0)
2025-01-26 06:10:15.323 [info] > git rev-parse --show-toplevel [1ms]
2025-01-26 06:10:15.323 [info] fatal: not a git repository (or any of the parent directories): .git
2025-01-26 06:11:00.586 [info] > git rev-parse --show-toplevel [3ms]
2025-01-26 06:11:00.586 [info] fatal: not a git repository (or any of the parent directories): .git
2025-01-26 06:11:04.245 [info] > git rev-parse --show-toplevel [2ms]
2025-01-26 06:11:04.245 [info] fatal: not a git repository (or any of the parent directories): .git
2025-01-26 06:12:05.322 [info] > git rev-parse --show-toplevel [1ms]
2025-01-26 06:12:05.322 [info] fatal: not a git repository (or any of the parent directories): .git
