2025-01-27 03:58:22.589 [info] [main] Log level: Info
2025-01-27 03:58:22.589 [info] [main] Validating found git in: "git"
2025-01-27 03:58:22.589 [info] [main] Using git "2.40.1" from "git"
2025-01-27 03:58:22.589 [info] [Model][doInitialScan] Initial repository scan started
2025-01-27 03:58:22.589 [info] > git rev-parse --show-toplevel [1535ms]
2025-01-27 03:58:22.589 [info] fatal: not a git repository (or any of the parent directories): .git
2025-01-27 03:58:22.589 [info] > git rev-parse --show-toplevel [4ms]
2025-01-27 03:58:22.589 [info] fatal: not a git repository (or any of the parent directories): .git
2025-01-27 03:58:22.590 [info] > git rev-parse --show-toplevel [1ms]
2025-01-27 03:58:22.590 [info] fatal: not a git repository (or any of the parent directories): .git
2025-01-27 03:58:23.273 [info] > git rev-parse --show-toplevel [678ms]
2025-01-27 03:58:23.273 [info] fatal: not a git repository (or any of the parent directories): .git
2025-01-27 03:58:23.299 [info] > git rev-parse --show-toplevel [9ms]
2025-01-27 03:58:23.299 [info] fatal: not a git repository (or any of the parent directories): .git
2025-01-27 03:58:23.559 [info] > git rev-parse --show-toplevel [57ms]
2025-01-27 03:58:23.559 [info] fatal: not a git repository (or any of the parent directories): .git
2025-01-27 03:58:23.574 [info] > git rev-parse --show-toplevel [3ms]
2025-01-27 03:58:23.575 [info] fatal: not a git repository (or any of the parent directories): .git
2025-01-27 03:58:23.583 [info] > git rev-parse --show-toplevel [5ms]
2025-01-27 03:58:23.583 [info] fatal: not a git repository (or any of the parent directories): .git
2025-01-27 03:58:23.596 [info] > git rev-parse --show-toplevel [10ms]
2025-01-27 03:58:23.596 [info] fatal: not a git repository (or any of the parent directories): .git
2025-01-27 03:58:25.891 [info] > git rev-parse --show-toplevel [16ms]
2025-01-27 03:58:25.891 [info] fatal: not a git repository (or any of the parent directories): .git
2025-01-27 03:58:25.897 [info] [Model][doInitialScan] Initial repository scan completed - repositories (0), closed repositories (0), parent repositories (0), unsafe repositories (0)
2025-01-27 03:58:25.919 [info] > git rev-parse --show-toplevel [17ms]
2025-01-27 03:58:25.919 [info] fatal: not a git repository (or any of the parent directories): .git
2025-01-27 03:58:40.027 [info] > git rev-parse --show-toplevel [10ms]
2025-01-27 03:58:40.027 [info] fatal: not a git repository (or any of the parent directories): .git
2025-01-27 03:58:43.155 [info] > git rev-parse --show-toplevel [1ms]
2025-01-27 03:58:43.155 [info] fatal: not a git repository (or any of the parent directories): .git
2025-01-27 03:58:44.067 [info] > git rev-parse --show-toplevel [2ms]
2025-01-27 03:58:44.067 [info] fatal: not a git repository (or any of the parent directories): .git
2025-01-27 03:59:01.979 [info] > git rev-parse --show-toplevel [2ms]
2025-01-27 03:59:01.979 [info] fatal: not a git repository (or any of the parent directories): .git
2025-01-27 03:59:03.705 [info] > git rev-parse --show-toplevel [3ms]
2025-01-27 03:59:03.705 [info] fatal: not a git repository (or any of the parent directories): .git
2025-01-27 04:58:15.665 [info] > git rev-parse --show-toplevel [2ms]
2025-01-27 04:58:15.665 [info] fatal: not a git repository (or any of the parent directories): .git
