2025-01-26 15:48:42.742 [info] [main] Log level: Info
2025-01-26 15:48:42.742 [info] [main] Validating found git in: "git"
2025-01-26 15:48:42.742 [info] [main] Using git "2.40.1" from "git"
2025-01-26 15:48:42.742 [info] [Model][doInitialScan] Initial repository scan started
2025-01-26 15:48:42.742 [info] > git rev-parse --show-toplevel [1575ms]
2025-01-26 15:48:42.742 [info] fatal: not a git repository (or any of the parent directories): .git
2025-01-26 15:48:42.750 [info] > git rev-parse --show-toplevel [1ms]
2025-01-26 15:48:42.750 [info] fatal: not a git repository (or any of the parent directories): .git
2025-01-26 15:48:43.583 [info] > git rev-parse --show-toplevel [827ms]
2025-01-26 15:48:43.583 [info] fatal: not a git repository (or any of the parent directories): .git
2025-01-26 15:48:43.890 [info] > git rev-parse --show-toplevel [299ms]
2025-01-26 15:48:43.890 [info] fatal: not a git repository (or any of the parent directories): .git
2025-01-26 15:48:43.896 [info] > git rev-parse --show-toplevel [1ms]
2025-01-26 15:48:43.896 [info] fatal: not a git repository (or any of the parent directories): .git
2025-01-26 15:48:43.902 [info] > git rev-parse --show-toplevel [4ms]
2025-01-26 15:48:43.902 [info] fatal: not a git repository (or any of the parent directories): .git
2025-01-26 15:48:43.905 [info] > git rev-parse --show-toplevel [1ms]
2025-01-26 15:48:43.905 [info] fatal: not a git repository (or any of the parent directories): .git
2025-01-26 15:48:43.909 [info] [Model][doInitialScan] Initial repository scan completed - repositories (0), closed repositories (0), parent repositories (0), unsafe repositories (0)
2025-01-26 15:49:45.597 [info] > git rev-parse --show-toplevel [2ms]
2025-01-26 15:49:45.597 [info] fatal: not a git repository (or any of the parent directories): .git
2025-01-26 15:50:03.503 [info] > git rev-parse --show-toplevel [4ms]
2025-01-26 15:50:03.503 [info] fatal: not a git repository (or any of the parent directories): .git
2025-01-26 15:50:37.443 [info] > git rev-parse --show-toplevel [2ms]
2025-01-26 15:50:37.443 [info] fatal: not a git repository (or any of the parent directories): .git
2025-01-26 15:50:53.439 [info] > git rev-parse --show-toplevel [2ms]
2025-01-26 15:50:53.439 [info] fatal: not a git repository (or any of the parent directories): .git
2025-01-26 15:51:14.690 [info] > git rev-parse --show-toplevel [1ms]
2025-01-26 15:51:14.690 [info] fatal: not a git repository (or any of the parent directories): .git
2025-01-26 15:51:26.057 [info] > git rev-parse --show-toplevel [1ms]
2025-01-26 15:51:26.057 [info] fatal: not a git repository (or any of the parent directories): .git
2025-01-26 16:13:22.369 [info] > git rev-parse --show-toplevel [2ms]
2025-01-26 16:13:22.369 [info] fatal: not a git repository (or any of the parent directories): .git
2025-01-26 16:13:29.996 [info] > git rev-parse --show-toplevel [2ms]
2025-01-26 16:13:29.996 [info] fatal: not a git repository (or any of the parent directories): .git
2025-01-26 16:13:39.209 [info] > git rev-parse --show-toplevel [2ms]
2025-01-26 16:13:39.209 [info] fatal: not a git repository (or any of the parent directories): .git
2025-01-26 16:13:48.956 [info] > git rev-parse --show-toplevel [2ms]
2025-01-26 16:13:48.956 [info] fatal: not a git repository (or any of the parent directories): .git
2025-01-26 16:14:00.682 [info] > git rev-parse --show-toplevel [1ms]
2025-01-26 16:14:00.682 [info] fatal: not a git repository (or any of the parent directories): .git
2025-01-26 16:15:26.853 [info] > git rev-parse --show-toplevel [3ms]
2025-01-26 16:15:26.853 [info] fatal: not a git repository (or any of the parent directories): .git
